<?xml version="1.0" encoding="UTF-8"?>
<testng-results ignored="0" total="3" passed="3" failed="0" skipped="0">
  <reporter-output>
  </reporter-output>
  <suite started-at="2020-09-11T17:07:05 IST" name="Default suite" finished-at="2020-09-11T17:07:28 IST" duration-ms="23225">
    <groups>
    </groups>
    <test started-at="2020-09-11T17:07:05 IST" name="Default test" finished-at="2020-09-11T17:07:28 IST" duration-ms="23225">
      <class name="docker.Firefoxtest1">
        <test-method is-config="true" signature="beforeClass()[pri:0, instance:docker.Firefoxtest1@2a266d09]" started-at="2020-09-11T17:07:05 IST" name="beforeClass" finished-at="2020-09-11T17:07:20 IST" duration-ms="15326" status="PASS">
          <reporter-output>
          </reporter-output>
        </test-method> <!-- beforeClass -->
        <test-method signature="f()[pri:0, instance:docker.Firefoxtest1@2a266d09]" started-at="2020-09-11T17:07:20 IST" name="f" finished-at="2020-09-11T17:07:20 IST" duration-ms="55" status="PASS">
          <reporter-output>
          </reporter-output>
        </test-method> <!-- f -->
        <test-method signature="f2()[pri:0, instance:docker.Firefoxtest1@2a266d09]" started-at="2020-09-11T17:07:20 IST" name="f2" finished-at="2020-09-11T17:07:25 IST" duration-ms="5350" status="PASS">
          <reporter-output>
          </reporter-output>
        </test-method> <!-- f2 -->
        <test-method signature="f3()[pri:0, instance:docker.Firefoxtest1@2a266d09]" started-at="2020-09-11T17:07:25 IST" name="f3" finished-at="2020-09-11T17:07:26 IST" duration-ms="879" status="PASS">
          <reporter-output>
          </reporter-output>
        </test-method> <!-- f3 -->
        <test-method is-config="true" signature="afterTest()[pri:0, instance:docker.Firefoxtest1@2a266d09]" started-at="2020-09-11T17:07:26 IST" name="afterTest" finished-at="2020-09-11T17:07:28 IST" duration-ms="1533" status="PASS">
          <reporter-output>
          </reporter-output>
        </test-method> <!-- afterTest -->
      </class> <!-- docker.Firefoxtest1 -->
    </test> <!-- Default test -->
  </suite> <!-- Default suite -->
</testng-results>
